[
{"name":"tests/test_cascade.nim c","category":"pattern","target":"c","action":"run","result":"reExitcodesDiffer","expected":"exitcode: 0","given":"exitcode: 1\n\nOutput:\n\n[Suite] Cascade Tests\n  [OK] Parse simple cascade with unary messages\n  [OK] Parse cascade with keyword messages\n  [OK] Parse cascade with mixed message types\n    /home/gokr/tankfeud/nemo/tests/test_cascade.nim(68, 18): Check failed: err.len == 0\n    err.len was 61\nError: Runtime error: Message not understood: primitiveSize on Array\n/home/gokr/tankfeud/nemo/tests/test_cascade.nim(71) test_cascade\n/home/gokr/.choosenim/toolchains/nim-2.2.6/lib/system/indices.nim(23) []\n/home/gokr/.choosenim/toolchains/nim-2.2.6/lib/system/fatal.nim(53) sysFatal\n\n    Unhandled exception: index out of bounds, the container is empty [IndexDefect]\n  [FAILED] Evaluate cascade with builtin unary method\n  [OK] AST printing for cascade\n","machine":"yoda","commit":"033904ddba2","branch":"main"},
{"name":"tests/test_cascade.nim c","category":"pattern","target":"c","action":"run","result":"reExitcodesDiffer","expected":"","given":"$ /home/gokr/.nimble/bin/nim c --hints:on -d:testing --nimblePath:build/deps/pkgs2   --nimCache:nimcache/tests/test_cascade.nim_4a8a08f09d37b73795649038408b5f33  tests/test_cascade.nim\nHint: used config file '/home/gokr/.choosenim/toolchains/nim-2.2.6/config/nim.cfg' [Conf]\nHint: used config file '/home/gokr/.choosenim/toolchains/nim-2.2.6/config/config.nims' [Conf]\nHint: used config file '/home/gokr/tankfeud/nemo/config.nims' [Conf]\n..............................................................................................................................................\n/home/gokr/tankfeud/nemo/src/nemo/interpreter/objects.nim(1064, 11) Warning: Special variable 'result' is shadowed. [ResultShadowed]\n/home/gokr/tankfeud/nemo/src/nemo/interpreter/objects.nim(1128, 9) Warning: Special variable 'result' is shadowed. [ResultShadowed]\n/home/gokr/tankfeud/nemo/src/nemo/interpreter/objects.nim(100, 5) Hint: 'rootClass' is declared but not used [XDeclaredButNotUsed]\n.\n/home/gokr/tankfeud/nemo/src/nemo/interpreter/activation.nim(3, 23) Warning: imported and not used: 'objects' [UnusedImport]\n/home/gokr/tankfeud/nemo/src/nemo/interpreter/evaluator.nim(1473, 24) Hint: 'e' is declared but not used [XDeclaredButNotUsed]\n/home/gokr/tankfeud/nemo/src/nemo/interpreter/evaluator.nim(162, 6) Hint: 'checkSlotShadowing' is declared but not used [XDeclaredButNotUsed]\n/home/gokr/tankfeud/nemo/src/nemo/interpreter/evaluator.nim(1656, 6) Hint: 'asSelfDoImpl' is declared but not used [XDeclaredButNotUsed]\n/home/gokr/tankfeud/nemo/src/nemo/interpreter/evaluator.nim(1701, 6) Hint: 'doCollectionImpl' is declared but not used [XDeclaredButNotUsed]\n/home/gokr/tankfeud/nemo/src/nemo/interpreter/evaluator.nim(2024, 6) Hint: 'onDoImpl' is declared but not used [XDeclaredButNotUsed]\n/home/gokr/tankfeud/nemo/src/nemo/interpreter/evaluator.nim(2101, 6) Hint: 'signalImpl' is declared but not used [XDeclaredButNotUsed]\n/home/gokr/tankfeud/nemo/src/nemo/interpreter/evaluator.nim(2109, 6) Hint: 'globalAtImpl' is declared but not used [XDeclaredButNotUsed]\n/home/gokr/tankfeud/nemo/src/nemo/interpreter/evaluator.nim(2118, 6) Hint: 'globalAtPutImpl' is declared but not used [XDeclaredButNotUsed]\n/home/gokr/tankfeud/nemo/src/nemo/interpreter/evaluator.nim(2127, 6) Hint: 'globalAtIfAbsentImpl' is declared but not used [XDeclaredButNotUsed]\n/home/gokr/tankfeud/nemo/src/nemo/interpreter/evaluator.nim(1220, 19) Warning: Potential object case transition, instantiate new object instead [CaseTransition]\n/home/gokr/tankfeud/nemo/src/nemo/interpreter/evaluator.nim(1230, 20) Warning: Potential object case transition, instantiate new object instead [CaseTransition]\n/home/gokr/tankfeud/nemo/src/nemo/interpreter/evaluator.nim(1387, 19) Warning: Potential object case transition, instantiate new object instead [CaseTransition]\n/home/gokr/tankfeud/nemo/src/nemo/interpreter/evaluator.nim(1396, 20) Warning: Potential object case transition, instantiate new object instead [CaseTransition]\nCC: system/dollars.nim\nCC: system.nim\nCC: strutils.nim\nCC: tables.nim\nCC: ../src/nemo/parser/parser.nim\nCC: ../src/nemo/interpreter/objects.nim\nCC: ../src/nemo/interpreter/evaluator.nim\nCC: test_cascade.nim\nHint:  [Link]\nHint: mm: refc; threads: on; opt: none (DEBUG BUILD, `-d:release` generates faster code)\n85668 lines; 6.146s; 143.004MiB peakmem; proj: /home/gokr/tankfeud/nemo/tests/test_cascade.nim; out: /home/gokr/tankfeud/nemo/tests/test_cascade [SuccessX]\n","machine":"yoda","commit":"033904ddba2","branch":"main"},
{"name":"tests/test_class_model.nim c","category":"pattern","target":"c","action":"run","result":"reSuccess","expected":"","given":"","machine":"yoda","commit":"033904ddba2","branch":"main"},
{"name":"tests/test_core.nim c","category":"pattern","target":"c","action":"run","result":"reSuccess","expected":"","given":"","machine":"yoda","commit":"033904ddba2","branch":"main"},
{"name":"tests/test_evaluator.nim c","category":"pattern","target":"c","action":"run","result":"reSuccess","expected":"","given":"","machine":"yoda","commit":"033904ddba2","branch":"main"},
{"name":"tests/test_nemo_processes_and_globals.nim c","category":"pattern","target":"c","action":"run","result":"reExitcodesDiffer","expected":"exitcode: 0","given":"exitcode: 1\n\nOutput:\n\n[Suite] Nemo-side Process, Scheduler, and GlobalTable\n  [OK] Nemo global is a GlobalTable instance\n  [OK] List all globals via Nemo keys\n    /home/gokr/tankfeud/nemo/tests/test_nemo_processes_and_globals.nim(46, 18): Check failed: err.len == 0\n    err.len was 75\n    /home/gokr/tankfeud/nemo/tests/test_nemo_processes_and_globals.nim(48, 36): Check failed: result.instVal.class.name == \"Object\"\n    result.instVal.class.name was UndefinedObject\n  [FAILED] Get a global via Nemo at:\n    /home/gokr/tankfeud/nemo/tests/test_nemo_processes_and_globals.nim(55, 21): Check failed: setErr.len == 0\n    setErr.len was 75\n    /home/gokr/tankfeud/nemo/tests/test_nemo_processes_and_globals.nim(56, 25): Check failed: setResult.kind == vkInt\n    setResult.kind was vkInstance\n    vkInt was vkInt\n/home/gokr/tankfeud/nemo/tests/test_nemo_processes_and_globals.nim(57) test_nemo_processes_and_globals\n/home/gokr/.choosenim/toolchains/nim-2.2.6/lib/system/fatal.nim(53) sysFatal\n\n    Unhandled exception: field 'intVal' is not accessible for type 'NodeValue' using 'kind = vkInstance' [FieldDefect]\n  [FAILED] Set a global via Nemo at:put:\n    /home/gokr/tankfeud/nemo/tests/test_nemo_processes_and_globals.nim(68, 19): Check failed: err1.len == 0\n    err1.len was 75\n    /home/gokr/tankfeud/nemo/tests/test_nemo_processes_and_globals.nim(69, 23): Check failed: hasTrue.kind == vkBool\n    hasTrue.kind was vkInstance\n    vkBool was vkBool\n/home/gokr/tankfeud/nemo/tests/test_nemo_processes_and_globals.nim(70) test_nemo_processes_and_globals\n/home/gokr/.choosenim/toolchains/nim-2.2.6/lib/system/fatal.nim(53) sysFatal\n\n    Unhandled exception: field 'boolVal' is not accessible for type 'NodeValue' using 'kind = vkInstance' [FieldDefect]\n  [FAILED] Check if global exists via Nemo includesKey:\n  [OK] Process class exists\n  [OK] Scheduler class exists\nTraceback (most recent call last)\n/home/gokr/tankfeud/nemo/tests/test_nemo_processes_and_globals.nim(99) test_nemo_processes_and_globals\n/home/gokr/tankfeud/nemo/src/nemo/interpreter/evaluator.nim(1470) doit\n/home/gokr/tankfeud/nemo/src/nemo/interpreter/evaluator.nim(839) eval\n/home/gokr/tankfeud/nemo/src/nemo/interpreter/evaluator.nim(819) eval\n/home/gokr/tankfeud/nemo/src/nemo/interpreter/evaluator.nim(1269) evalMessage\n/home/gokr/tankfeud/nemo/src/nemo/interpreter/evaluator.nim(682) executeMethod\n/home/gokr/tankfeud/nemo/src/nemo/core/scheduler.nim(213) processorForkImpl\n/home/gokr/tankfeud/nemo/src/nemo/core/scheduler.nim(74) forkProcess\n/home/gokr/tankfeud/nemo/src/nemo/core/process.nim(235) newProcess\nSIGSEGV: Illegal storage access. (Attempt to read from nil?)\n","machine":"yoda","commit":"033904ddba2","branch":"main"},
{"name":"tests/test_nemo_processes_and_globals.nim c","category":"pattern","target":"c","action":"run","result":"reExitcodesDiffer","expected":"","given":"$ /home/gokr/.nimble/bin/nim c --hints:on -d:testing --nimblePath:build/deps/pkgs2   --nimCache:nimcache/tests/test_nemo_processes_and_globals.nim_4a8a08f09d37b73795649038408b5f33  tests/test_nemo_processes_and_globals.nim\nHint: used config file '/home/gokr/.choosenim/toolchains/nim-2.2.6/config/nim.cfg' [Conf]\nHint: used config file '/home/gokr/.choosenim/toolchains/nim-2.2.6/config/config.nims' [Conf]\nHint: used config file '/home/gokr/tankfeud/nemo/config.nims' [Conf]\n............................................................................................................................................\n/home/gokr/tankfeud/nemo/src/nemo/interpreter/objects.nim(1064, 11) Warning: Special variable 'result' is shadowed. [ResultShadowed]\n/home/gokr/tankfeud/nemo/src/nemo/interpreter/objects.nim(1128, 9) Warning: Special variable 'result' is shadowed. [ResultShadowed]\n/home/gokr/tankfeud/nemo/src/nemo/interpreter/objects.nim(100, 5) Hint: 'rootClass' is declared but not used [XDeclaredButNotUsed]\n...\n/home/gokr/tankfeud/nemo/src/nemo/interpreter/activation.nim(3, 23) Warning: imported and not used: 'objects' [UnusedImport]\n.\n/home/gokr/tankfeud/nemo/src/nemo/interpreter/evaluator.nim(1473, 24) Hint: 'e' is declared but not used [XDeclaredButNotUsed]\n/home/gokr/tankfeud/nemo/src/nemo/interpreter/evaluator.nim(162, 6) Hint: 'checkSlotShadowing' is declared but not used [XDeclaredButNotUsed]\n/home/gokr/tankfeud/nemo/src/nemo/interpreter/evaluator.nim(1656, 6) Hint: 'asSelfDoImpl' is declared but not used [XDeclaredButNotUsed]\n/home/gokr/tankfeud/nemo/src/nemo/interpreter/evaluator.nim(1701, 6) Hint: 'doCollectionImpl' is declared but not used [XDeclaredButNotUsed]\n/home/gokr/tankfeud/nemo/src/nemo/interpreter/evaluator.nim(2024, 6) Hint: 'onDoImpl' is declared but not used [XDeclaredButNotUsed]\n/home/gokr/tankfeud/nemo/src/nemo/interpreter/evaluator.nim(2101, 6) Hint: 'signalImpl' is declared but not used [XDeclaredButNotUsed]\n/home/gokr/tankfeud/nemo/src/nemo/interpreter/evaluator.nim(2109, 6) Hint: 'globalAtImpl' is declared but not used [XDeclaredButNotUsed]\n/home/gokr/tankfeud/nemo/src/nemo/interpreter/evaluator.nim(2118, 6) Hint: 'globalAtPutImpl' is declared but not used [XDeclaredButNotUsed]\n/home/gokr/tankfeud/nemo/src/nemo/interpreter/evaluator.nim(2127, 6) Hint: 'globalAtIfAbsentImpl' is declared but not used [XDeclaredButNotUsed]\n/home/gokr/tankfeud/nemo/tests/test_nemo_processes_and_globals.nim(164, 10) Hint: 'result' is declared but not used [XDeclaredButNotUsed]\n/home/gokr/tankfeud/nemo/tests/test_nemo_processes_and_globals.nim(179, 10) Hint: 'resumeResult' is declared but not used [XDeclaredButNotUsed]\n/home/gokr/tankfeud/nemo/tests/test_nemo_processes_and_globals.nim(193, 10) Hint: 'result' is declared but not used [XDeclaredButNotUsed]\n/home/gokr/tankfeud/nemo/tests/test_nemo_processes_and_globals.nim(233, 10) Hint: 'result' is declared but not used [XDeclaredButNotUsed]\n/home/gokr/tankfeud/nemo/tests/test_nemo_processes_and_globals.nim(269, 9) Hint: 'steps' is declared but not used [XDeclaredButNotUsed]\n/home/gokr/tankfeud/nemo/src/nemo/interpreter/evaluator.nim(1220, 19) Warning: Potential object case transition, instantiate new object instead [CaseTransition]\n/home/gokr/tankfeud/nemo/src/nemo/interpreter/evaluator.nim(1230, 20) Warning: Potential object case transition, instantiate new object instead [CaseTransition]\n/home/gokr/tankfeud/nemo/src/nemo/interpreter/evaluator.nim(1387, 19) Warning: Potential object case transition, instantiate new object instead [CaseTransition]\n/home/gokr/tankfeud/nemo/src/nemo/interpreter/evaluator.nim(1396, 20) Warning: Potential object case transition, instantiate new object instead [CaseTransition]\nCC: system/dollars.nim\nCC: system.nim\nCC: strutils.nim\nCC: tables.nim\nCC: ../src/nemo/interpreter/objects.nim\nCC: ../src/nemo/parser/parser.nim\nCC: ../src/nemo/interpreter/evaluator.nim\nCC: ../src/nemo/core/scheduler.nim\nCC: test_nemo_processes_and_globals.nim\nHint:  [Link]\nHint: mm: refc; threads: on; opt: none (DEBUG BUILD, `-d:release` generates faster code)\n86317 lines; 7.188s; 142.992MiB peakmem; proj: /home/gokr/tankfeud/nemo/tests/test_nemo_processes_and_globals.nim; out: /home/gokr/tankfeud/nemo/tests/test_nemo_processes_and_globals [SuccessX]\n","machine":"yoda","commit":"033904ddba2","branch":"main"},
{"name":"tests/test_nested_blocks.nim c","category":"pattern","target":"c","action":"run","result":"reExitcodesDiffer","expected":"exitcode: 0","given":"exitcode: 1\n\nOutput:\n\n[Suite] Nested Blocks\n    /home/gokr/tankfeud/nemo/tests/test_nested_blocks.nim(24, 29): Check failed: blockNode.body.len == 2\n    blockNode.body.len was 1\n  [FAILED] block with return value\n  [OK] block with temporaries\n","machine":"yoda","commit":"033904ddba2","branch":"main"},
{"name":"tests/test_nested_blocks.nim c","category":"pattern","target":"c","action":"run","result":"reExitcodesDiffer","expected":"","given":"$ /home/gokr/.nimble/bin/nim c --hints:on -d:testing --nimblePath:build/deps/pkgs2   --nimCache:nimcache/tests/test_nested_blocks.nim_4a8a08f09d37b73795649038408b5f33  tests/test_nested_blocks.nim\nHint: used config file '/home/gokr/.choosenim/toolchains/nim-2.2.6/config/nim.cfg' [Conf]\nHint: used config file '/home/gokr/.choosenim/toolchains/nim-2.2.6/config/config.nims' [Conf]\nHint: used config file '/home/gokr/tankfeud/nemo/config.nims' [Conf]\n..............................................................................................................................................\n/home/gokr/tankfeud/nemo/src/nemo/interpreter/objects.nim(1064, 11) Warning: Special variable 'result' is shadowed. [ResultShadowed]\n/home/gokr/tankfeud/nemo/src/nemo/interpreter/objects.nim(1128, 9) Warning: Special variable 'result' is shadowed. [ResultShadowed]\n/home/gokr/tankfeud/nemo/src/nemo/interpreter/objects.nim(100, 5) Hint: 'rootClass' is declared but not used [XDeclaredButNotUsed]\n.\n/home/gokr/tankfeud/nemo/src/nemo/interpreter/activation.nim(3, 23) Warning: imported and not used: 'objects' [UnusedImport]\n/home/gokr/tankfeud/nemo/src/nemo/interpreter/evaluator.nim(1473, 24) Hint: 'e' is declared but not used [XDeclaredButNotUsed]\n/home/gokr/tankfeud/nemo/src/nemo/interpreter/evaluator.nim(162, 6) Hint: 'checkSlotShadowing' is declared but not used [XDeclaredButNotUsed]\n/home/gokr/tankfeud/nemo/src/nemo/interpreter/evaluator.nim(1656, 6) Hint: 'asSelfDoImpl' is declared but not used [XDeclaredButNotUsed]\n/home/gokr/tankfeud/nemo/src/nemo/interpreter/evaluator.nim(1701, 6) Hint: 'doCollectionImpl' is declared but not used [XDeclaredButNotUsed]\n/home/gokr/tankfeud/nemo/src/nemo/interpreter/evaluator.nim(2024, 6) Hint: 'onDoImpl' is declared but not used [XDeclaredButNotUsed]\n/home/gokr/tankfeud/nemo/src/nemo/interpreter/evaluator.nim(2101, 6) Hint: 'signalImpl' is declared but not used [XDeclaredButNotUsed]\n/home/gokr/tankfeud/nemo/src/nemo/interpreter/evaluator.nim(2109, 6) Hint: 'globalAtImpl' is declared but not used [XDeclaredButNotUsed]\n/home/gokr/tankfeud/nemo/src/nemo/interpreter/evaluator.nim(2118, 6) Hint: 'globalAtPutImpl' is declared but not used [XDeclaredButNotUsed]\n/home/gokr/tankfeud/nemo/src/nemo/interpreter/evaluator.nim(2127, 6) Hint: 'globalAtIfAbsentImpl' is declared but not used [XDeclaredButNotUsed]\n.\n/home/gokr/tankfeud/nemo/tests/test_nested_blocks.nim(7, 25) Warning: imported and not used: 'process' [UnusedImport]\n/home/gokr/tankfeud/nemo/tests/test_nested_blocks.nim(6, 25) Warning: imported and not used: 'scheduler' [UnusedImport]\n/home/gokr/tankfeud/nemo/tests/test_nested_blocks.nim(5, 44) Warning: imported and not used: 'objects' [UnusedImport]\n/home/gokr/tankfeud/nemo/tests/test_nested_blocks.nim(5, 33) Warning: imported and not used: 'evaluator' [UnusedImport]\nCC: system/dollars.nim\nCC: system.nim\nCC: strutils.nim\nCC: ../src/nemo/parser/parser.nim\nCC: ../src/nemo/interpreter/objects.nim\nHint:  [Link]\nHint: mm: refc; threads: on; opt: none (DEBUG BUILD, `-d:release` generates faster code)\n86088 lines; 3.894s; 142.992MiB peakmem; proj: /home/gokr/tankfeud/nemo/tests/test_nested_blocks.nim; out: /home/gokr/tankfeud/nemo/tests/test_nested_blocks [SuccessX]\n","machine":"yoda","commit":"033904ddba2","branch":"main"},
{"name":"tests/test_primitives.nim c","category":"pattern","target":"c","action":"run","result":"reExitcodesDiffer","expected":"exitcode: 0","given":"exitcode: 1\n\nOutput:\n\n[Suite] Primitive Syntax: Declarative Form\n  [OK] declarative primitive without arguments works (clone)\n  [OK] declarative primitive with one argument works (at:)\n  [OK] declarative primitive with two arguments works (at:put:)\n  [OK] multiple primitives on same class work\n  [OK] primitive method can be called on instances\n  [OK] clone primitive creates independent instance\n\n[Suite] Primitive Syntax: Inline Form\n  [OK] inline primitive clone\n\n[Suite] Primitive Syntax: Error Handling\n  [OK] primitive with wrong arity should report error\n  [OK] non-existent primitive selector should error at runtime\n\n[Suite] Primitive Syntax: Integration Tests\n  [OK] primitive works with cascades\n  [OK] inline primitive with keyword message syntax parses correctly\n\n[Suite] Primitive Syntax: Unified Declarative Syntax\n    /home/gokr/tankfeud/nemo/tests/test_primitives.nim(212, 24): Check failed: result[1].len == 0\n    result[1].len was 51\n/home/gokr/tankfeud/nemo/tests/test_primitives.nim(213) test_primitives\n/home/gokr/.choosenim/toolchains/nim-2.2.6/lib/system/indices.nim(23) []\n/home/gokr/.choosenim/toolchains/nim-2.2.6/lib/system/fatal.nim(53) sysFatal\n\n    Unhandled exception: index out of bounds, the container is empty [IndexDefect]\n  [FAILED] unified declarative primitive without arguments works (clone)\n    /home/gokr/tankfeud/nemo/tests/test_primitives.nim(228, 29): Check failed: result[0][^1].kind == vkInt\n    result[0][^1].kind was vkInstance\n    vkInt was vkInt\n/home/gokr/tankfeud/nemo/tests/test_primitives.nim(229) test_primitives\n/home/gokr/.choosenim/toolchains/nim-2.2.6/lib/system/fatal.nim(53) sysFatal\n\n    Unhandled exception: field 'intVal' is not accessible for type 'NodeValue' using 'kind = vkInstance' [FieldDefect]\n  [FAILED] unified declarative primitive copying at: to wrapper method\n    /home/gokr/tankfeud/nemo/tests/test_primitives.nim(243, 29): Check failed: result[0][^1].kind == vkInt\n    result[0][^1].kind was vkInstance\n    vkInt was vkInt\n/home/gokr/tankfeud/nemo/tests/test_primitives.nim(244) test_primitives\n/home/gokr/.choosenim/toolchains/nim-2.2.6/lib/system/fatal.nim(53) sysFatal\n\n    Unhandled exception: field 'intVal' is not accessible for type 'NodeValue' using 'kind = vkInstance' [FieldDefect]\n  [FAILED] unified declarative primitive copying at:put: to wrapper method\n    /home/gokr/tankfeud/nemo/tests/test_primitives.nim(258, 29): Check failed: result[0][^1].kind == vkInt\n    result[0][^1].kind was vkInstance\n    vkInt was vkInt\n/home/gokr/tankfeud/nemo/tests/test_primitives.nim(259) test_primitives\n/home/gokr/.choosenim/toolchains/nim-2.2.6/lib/system/fatal.nim(53) sysFatal\n\n    Unhandled exception: field 'intVal' is not accessible for type 'NodeValue' using 'kind = vkInstance' [FieldDefect]\n  [FAILED] unified declarative primitive can redefine Table at:put: using same syntax\n  [OK] unified declarative primitive with wrong argument names fails\n  [OK] unified declarative primitive with wrong argument count fails\n    /home/gokr/tankfeud/nemo/tests/test_primitives.nim(293, 29): Check failed: result[0][^1].kind == vkInt\n    result[0][^1].kind was vkInstance\n    vkInt was vkInt\n/home/gokr/tankfeud/nemo/tests/test_primitives.nim(294) test_primitives\n/home/gokr/.choosenim/toolchains/nim-2.2.6/lib/system/fatal.nim(53) sysFatal\n\n    Unhandled exception: field 'intVal' is not accessible for type 'NodeValue' using 'kind = vkInstance' [FieldDefect]\n  [FAILED] unified syntax inline primitive in block works\n    /home/gokr/tankfeud/nemo/tests/test_primitives.nim(307, 29): Check failed: result[0][^1].kind == vkInt\n    result[0][^1].kind was vkInstance\n    vkInt was vkInt\n/home/gokr/tankfeud/nemo/tests/test_primitives.nim(308) test_primitives\n/home/gokr/.choosenim/toolchains/nim-2.2.6/lib/system/fatal.nim(53) sysFatal\n\n    Unhandled exception: field 'intVal' is not accessible for type 'NodeValue' using 'kind = vkInstance' [FieldDefect]\n  [FAILED] unified syntax old declarative syntax still works\n","machine":"yoda","commit":"033904ddba2","branch":"main"},
{"name":"tests/test_primitives.nim c","category":"pattern","target":"c","action":"run","result":"reExitcodesDiffer","expected":"","given":"$ /home/gokr/.nimble/bin/nim c --hints:on -d:testing --nimblePath:build/deps/pkgs2   --nimCache:nimcache/tests/test_primitives.nim_4a8a08f09d37b73795649038408b5f33  tests/test_primitives.nim\nHint: used config file '/home/gokr/.choosenim/toolchains/nim-2.2.6/config/nim.cfg' [Conf]\nHint: used config file '/home/gokr/.choosenim/toolchains/nim-2.2.6/config/config.nims' [Conf]\nHint: used config file '/home/gokr/tankfeud/nemo/config.nims' [Conf]\n..............................................................................................................................................\n/home/gokr/tankfeud/nemo/src/nemo/interpreter/objects.nim(1064, 11) Warning: Special variable 'result' is shadowed. [ResultShadowed]\n/home/gokr/tankfeud/nemo/src/nemo/interpreter/objects.nim(1128, 9) Warning: Special variable 'result' is shadowed. [ResultShadowed]\n/home/gokr/tankfeud/nemo/src/nemo/interpreter/objects.nim(100, 5) Hint: 'rootClass' is declared but not used [XDeclaredButNotUsed]\n.\n/home/gokr/tankfeud/nemo/src/nemo/interpreter/activation.nim(3, 23) Warning: imported and not used: 'objects' [UnusedImport]\n/home/gokr/tankfeud/nemo/src/nemo/interpreter/evaluator.nim(1473, 24) Hint: 'e' is declared but not used [XDeclaredButNotUsed]\n/home/gokr/tankfeud/nemo/src/nemo/interpreter/evaluator.nim(162, 6) Hint: 'checkSlotShadowing' is declared but not used [XDeclaredButNotUsed]\n/home/gokr/tankfeud/nemo/src/nemo/interpreter/evaluator.nim(1656, 6) Hint: 'asSelfDoImpl' is declared but not used [XDeclaredButNotUsed]\n/home/gokr/tankfeud/nemo/src/nemo/interpreter/evaluator.nim(1701, 6) Hint: 'doCollectionImpl' is declared but not used [XDeclaredButNotUsed]\n/home/gokr/tankfeud/nemo/src/nemo/interpreter/evaluator.nim(2024, 6) Hint: 'onDoImpl' is declared but not used [XDeclaredButNotUsed]\n/home/gokr/tankfeud/nemo/src/nemo/interpreter/evaluator.nim(2101, 6) Hint: 'signalImpl' is declared but not used [XDeclaredButNotUsed]\n/home/gokr/tankfeud/nemo/src/nemo/interpreter/evaluator.nim(2109, 6) Hint: 'globalAtImpl' is declared but not used [XDeclaredButNotUsed]\n/home/gokr/tankfeud/nemo/src/nemo/interpreter/evaluator.nim(2118, 6) Hint: 'globalAtPutImpl' is declared but not used [XDeclaredButNotUsed]\n/home/gokr/tankfeud/nemo/src/nemo/interpreter/evaluator.nim(2127, 6) Hint: 'globalAtIfAbsentImpl' is declared but not used [XDeclaredButNotUsed]\n/home/gokr/tankfeud/nemo/src/nemo/interpreter/evaluator.nim(1220, 19) Warning: Potential object case transition, instantiate new object instead [CaseTransition]\n/home/gokr/tankfeud/nemo/src/nemo/interpreter/evaluator.nim(1230, 20) Warning: Potential object case transition, instantiate new object instead [CaseTransition]\n/home/gokr/tankfeud/nemo/src/nemo/interpreter/evaluator.nim(1387, 19) Warning: Potential object case transition, instantiate new object instead [CaseTransition]\n/home/gokr/tankfeud/nemo/src/nemo/interpreter/evaluator.nim(1396, 20) Warning: Potential object case transition, instantiate new object instead [CaseTransition]\n/home/gokr/tankfeud/nemo/tests/test_primitives.nim(11, 44) Warning: imported and not used: 'objects' [UnusedImport]\nCC: system/dollars.nim\nCC: system.nim\nCC: strutils.nim\nCC: tables.nim\nCC: ../src/nemo/parser/parser.nim\nCC: ../src/nemo/interpreter/objects.nim\nCC: ../src/nemo/interpreter/evaluator.nim\nCC: test_primitives.nim\nHint:  [Link]\nHint: mm: refc; threads: on; opt: none (DEBUG BUILD, `-d:release` generates faster code)\n85790 lines; 7.986s; 143.02MiB peakmem; proj: /home/gokr/tankfeud/nemo/tests/test_primitives.nim; out: /home/gokr/tankfeud/nemo/tests/test_primitives [SuccessX]\n","machine":"yoda","commit":"033904ddba2","branch":"main"},
{"name":"tests/test_process.nim c","category":"pattern","target":"c","action":"run","result":"reSuccess","expected":"","given":"","machine":"yoda","commit":"033904ddba2","branch":"main"},
{"name":"tests/test_scheduler.nim c","category":"pattern","target":"c","action":"run","result":"reNimcCrash","expected":"","given":"$ /home/gokr/.nimble/bin/nim c --hints:on -d:testing --nimblePath:build/deps/pkgs2   --nimCache:nimcache/tests/test_scheduler.nim_4a8a08f09d37b73795649038408b5f33  tests/test_scheduler.nim\nHint: used config file '/home/gokr/.choosenim/toolchains/nim-2.2.6/config/nim.cfg' [Conf]\nHint: used config file '/home/gokr/.choosenim/toolchains/nim-2.2.6/config/config.nims' [Conf]\nHint: used config file '/home/gokr/tankfeud/nemo/config.nims' [Conf]\n............................................................................................................................................\n/home/gokr/tankfeud/nemo/src/nemo/interpreter/objects.nim(1064, 11) Warning: Special variable 'result' is shadowed. [ResultShadowed]\n/home/gokr/tankfeud/nemo/src/nemo/interpreter/objects.nim(1128, 9) Warning: Special variable 'result' is shadowed. [ResultShadowed]\n/home/gokr/tankfeud/nemo/src/nemo/interpreter/objects.nim(100, 5) Hint: 'rootClass' is declared but not used [XDeclaredButNotUsed]\n...\n/home/gokr/tankfeud/nemo/src/nemo/interpreter/activation.nim(3, 23) Warning: imported and not used: 'objects' [UnusedImport]\n.\n/home/gokr/tankfeud/nemo/src/nemo/interpreter/evaluator.nim(1473, 24) Hint: 'e' is declared but not used [XDeclaredButNotUsed]\n/home/gokr/tankfeud/nemo/src/nemo/interpreter/evaluator.nim(162, 6) Hint: 'checkSlotShadowing' is declared but not used [XDeclaredButNotUsed]\n/home/gokr/tankfeud/nemo/src/nemo/interpreter/evaluator.nim(1656, 6) Hint: 'asSelfDoImpl' is declared but not used [XDeclaredButNotUsed]\n/home/gokr/tankfeud/nemo/src/nemo/interpreter/evaluator.nim(1701, 6) Hint: 'doCollectionImpl' is declared but not used [XDeclaredButNotUsed]\n/home/gokr/tankfeud/nemo/src/nemo/interpreter/evaluator.nim(2024, 6) Hint: 'onDoImpl' is declared but not used [XDeclaredButNotUsed]\n/home/gokr/tankfeud/nemo/src/nemo/interpreter/evaluator.nim(2101, 6) Hint: 'signalImpl' is declared but not used [XDeclaredButNotUsed]\n/home/gokr/tankfeud/nemo/src/nemo/interpreter/evaluator.nim(2109, 6) Hint: 'globalAtImpl' is declared but not used [XDeclaredButNotUsed]\n/home/gokr/tankfeud/nemo/src/nemo/interpreter/evaluator.nim(2118, 6) Hint: 'globalAtPutImpl' is declared but not used [XDeclaredButNotUsed]\n/home/gokr/tankfeud/nemo/src/nemo/interpreter/evaluator.nim(2127, 6) Hint: 'globalAtIfAbsentImpl' is declared but not used [XDeclaredButNotUsed]\n/home/gokr/tankfeud/nemo/tests/test_scheduler.nim(8, 1) template/generic instantiation of `suite` from here\n/home/gokr/tankfeud/nemo/tests/test_scheduler.nim(12, 3) template/generic instantiation of `test` from here\n/home/gokr/tankfeud/nemo/tests/test_scheduler.nim(15, 14) Error: undeclared field: 'scheduler' for type types.SchedulerContext [type declared in /home/gokr/tankfeud/nemo/src/nemo/core/types.nim(565, 3)] \n  found 'scheduler' [module declared in /home/gokr/tankfeud/nemo/tests/test_scheduler.nim(4, 25)]\n","machine":"yoda","commit":"033904ddba2","branch":"main"}